<?xml version="1.0" encoding="UTF-8"?>
<!-- Generated by org.testng.reporters.JUnitReportReporter -->
<testsuite hostname="Sagar-Tandu" failures="0" tests="2" name="SF.test.Signin" time="4.178" errors="0" timestamp="2022-06-30T22:05:55 IST" skipped="0">
  <testcase classname="SF.test.Signin" name="login" time="4.026"/>
  <system-out/>
  <testcase classname="SF.test.Signin" name="text" time="0.152"/>
  <system-out/>
</testsuite> <!-- SF.test.Signin -->
