<?xml version="1.0" encoding="UTF-8"?>
<!-- Generated by org.testng.reporters.JUnitReportReporter -->
<testsuite hostname="Sagar-Tandu" failures="0" tests="3" name="SF.test.Compose" time="37.362" errors="0" timestamp="2022-07-07T09:39:27 IST" skipped="0">
  <testcase classname="SF.test.Compose" name="composeemail" time="32.174"/>
  <system-out/>
  <testcase classname="SF.test.Compose" name="browser" time="5.187"/>
  <system-out/>
  <testcase classname="SF.test.Compose" name="printText" time="0.001"/>
  <system-out/>
</testsuite> <!-- SF.test.Compose -->
