<?xml version="1.0" encoding="UTF-8"?>
<!-- Generated by org.testng.reporters.JUnitReportReporter -->
<testsuite skipped="0" hostname="Sagar-Tandu" name="SF.test.Validemail" tests="2" failures="0" timestamp="2022-07-01T13:29:33 IST" time="5.353" errors="0">
  <testcase name="welcome" time="1.388" classname="SF.test.Validemail"/>
  <system-out/>
  <testcase name="login" time="3.965" classname="SF.test.Validemail"/>
  <system-out/>
</testsuite> <!-- SF.test.Validemail -->
