<?xml version="1.0" encoding="UTF-8"?>
<!-- Generated by org.testng.reporters.JUnitReportReporter -->
<testsuite hostname="Sagar-Tandu" failures="0" tests="3" name="SF.test.login" time="13.463" errors="0" timestamp="2022-07-04T21:16:34 IST" skipped="0">
  <testcase classname="SF.test.login" name="blank" time="6.658"/>
  <system-out/>
  <testcase classname="SF.test.login" name="invalidemail" time="3.566"/>
  <system-out/>
  <testcase classname="SF.test.login" name="invalidphone" time="3.239"/>
  <system-out/>
</testsuite> <!-- SF.test.login -->
