<?xml version="1.0" encoding="UTF-8"?>
<!-- Generated by org.testng.reporters.JUnitReportReporter -->
<testsuite hostname="Sagar-Tandu" failures="0" tests="1" name="SF.test.login" time="0.443" errors="0" timestamp="2022-07-06T11:14:27 IST" skipped="0">
  <testcase classname="SF.test.login" name="blank" time="0.443"/>
  <system-out/>
</testsuite> <!-- SF.test.login -->
