<?xml version="1.0" encoding="UTF-8"?>
<!-- Generated by org.testng.reporters.JUnitReportReporter -->
<testsuite hostname="Sagar-Tandu" failures="0" tests="3" name="SF.test.login" time="12.121" errors="0" timestamp="2022-07-04T20:45:26 IST" skipped="0">
  <testcase classname="SF.test.login" name="blank" time="4.949"/>
  <system-out/>
  <testcase classname="SF.test.login" name="invalidemail" time="3.360"/>
  <system-out/>
  <testcase classname="SF.test.login" name="invalidphone" time="3.812"/>
  <system-out/>
</testsuite> <!-- SF.test.login -->
