<?xml version="1.0" encoding="UTF-8"?>
<!-- Generated by org.testng.reporters.JUnitReportReporter -->
<testsuite hostname="Sagar-Tandu" failures="0" tests="2" name="SF.test.Invalidphone" time="4.927" errors="0" timestamp="2022-07-01T17:02:32 IST" skipped="0">
  <testcase classname="SF.test.Invalidphone" name="text" time="0.953"/>
  <system-out/>
  <testcase classname="SF.test.Invalidphone" name="login" time="3.974"/>
  <system-out/>
</testsuite> <!-- SF.test.Invalidphone -->
