<?xml version="1.0" encoding="UTF-8"?>
<!-- Generated by org.testng.reporters.JUnitReportReporter -->
<testsuite hostname="Sagar-Tandu" failures="0" tests="4" name="SF.test.login" time="7.269" errors="0" timestamp="2022-07-07T09:42:14 IST" skipped="0">
  <testcase classname="SF.test.login" name="initialize" time="4.793"/>
  <system-out/>
  <testcase classname="SF.test.login" name="blank" time="0.222"/>
  <system-out/>
  <testcase classname="SF.test.login" name="invalidemail" time="1.100"/>
  <system-out/>
  <testcase classname="SF.test.login" name="invalidphone" time="1.154"/>
  <system-out/>
</testsuite> <!-- SF.test.login -->
