<?xml version="1.0" encoding="UTF-8"?>
<!-- Generated by org.testng.reporters.JUnitReportReporter -->
<testsuite hostname="Sagar-Tandu" failures="0" tests="3" name="SF.test.Validemail" time="7.517" errors="0" timestamp="2022-07-02T14:51:40 IST" skipped="0">
  <testcase classname="SF.test.Validemail" name="validPass" time="1.706"/>
  <system-out/>
  <testcase classname="SF.test.Validemail" name="login" time="5.399"/>
  <system-out/>
  <testcase classname="SF.test.Validemail" name="welcome" time="0.412"/>
  <system-out/>
</testsuite> <!-- SF.test.Validemail -->
