<?xml version="1.0" encoding="UTF-8"?>
<!-- Generated by org.testng.reporters.JUnitReportReporter -->
<testsuite hostname="Sagar-Tandu" failures="0" tests="3" name="SF.test.login" time="5.744" errors="0" timestamp="2022-07-04T09:58:32 IST" skipped="0">
  <testcase classname="SF.test.login" name="blank" time="1.995"/>
  <system-out/>
  <testcase classname="SF.test.login" name="invalidemail" time="2.283"/>
  <system-out/>
  <testcase classname="SF.test.login" name="invalidphone" time="1.466"/>
  <system-out/>
</testsuite> <!-- SF.test.login -->
