<?xml version="1.0" encoding="UTF-8"?>
<!-- Generated by org.testng.reporters.JUnitReportReporter -->
<testsuite hostname="Sagar-Tandu" failures="0" tests="3" name="SF.test.login" time="4.080" errors="0" timestamp="2022-07-04T16:27:35 IST" skipped="0">
  <testcase classname="SF.test.login" name="blank" time="1.699"/>
  <system-out/>
  <testcase classname="SF.test.login" name="invalidemail" time="1.263"/>
  <system-out/>
  <testcase classname="SF.test.login" name="invalidphone" time="1.118"/>
  <system-out/>
</testsuite> <!-- SF.test.login -->
