<?xml version="1.0" encoding="UTF-8"?>
<!-- Generated by org.testng.reporters.JUnitReportReporter -->
<testsuite hostname="Sagar-Tandu" failures="0" tests="3" name="SF.test.login" time="4.588" errors="0" timestamp="2022-07-27T16:49:32 IST" skipped="0">
  <testcase classname="SF.test.login" name="blank" time="1.897"/>
  <system-out/>
  <testcase classname="SF.test.login" name="invalidphone" time="1.354"/>
  <system-out/>
  <testcase classname="SF.test.login" name="invalidemail" time="1.337"/>
  <system-out/>
</testsuite> <!-- SF.test.login -->
