<?xml version="1.0" encoding="UTF-8"?>
<!-- Generated by org.testng.reporters.JUnitReportReporter -->
<testsuite hostname="Sagar-Tandu" failures="0" tests="3" name="SF.test.Compose" time="18.286" errors="0" timestamp="2022-07-07T09:46:38 IST" skipped="0">
  <testcase classname="SF.test.Compose" name="printText" time="0.003"/>
  <system-out/>
  <testcase classname="SF.test.Compose" name="browser" time="6.124"/>
  <system-out/>
  <testcase classname="SF.test.Compose" name="composeemail" time="12.159"/>
  <system-out/>
</testsuite> <!-- SF.test.Compose -->
