<?xml version="1.0" encoding="UTF-8"?>
<!-- Generated by org.testng.reporters.JUnitReportReporter -->
<testsuite hostname="Sagar-Tandu" failures="0" tests="4" name="SF.test.login" time="9.074" errors="0" timestamp="2022-07-11T14:58:43 IST" skipped="0">
  <testcase classname="SF.test.login" name="initialize" time="5.941"/>
  <system-out/>
  <testcase classname="SF.test.login" name="blank" time="0.175"/>
  <system-out/>
  <testcase classname="SF.test.login" name="invalidemail" time="1.515"/>
  <system-out/>
  <testcase classname="SF.test.login" name="invalidphone" time="1.443"/>
  <system-out/>
</testsuite> <!-- SF.test.login -->
