<?xml version="1.0" encoding="UTF-8"?>
<!-- Generated by org.testng.reporters.JUnitReportReporter -->
<testsuite hostname="Sagar-Tandu" failures="0" tests="2" name="SF.test.Invalidemail" time="4.883" errors="0" timestamp="2022-07-01T17:02:32 IST" skipped="0">
  <testcase classname="SF.test.Invalidemail" name="text" time="0.539"/>
  <system-out/>
  <testcase classname="SF.test.Invalidemail" name="login" time="4.344"/>
  <system-out/>
</testsuite> <!-- SF.test.Invalidemail -->
