<?xml version="1.0" encoding="UTF-8"?>
<!-- Generated by org.testng.reporters.JUnitReportReporter -->
<testsuite hostname="Sagar-Tandu" failures="0" tests="3" name="SF.test.login" time="19.306" errors="0" timestamp="2022-07-04T21:33:40 IST" skipped="0">
  <testcase classname="SF.test.login" name="blank" time="6.609"/>
  <system-out/>
  <testcase classname="SF.test.login" name="invalidemail" time="6.156"/>
  <system-out/>
  <testcase classname="SF.test.login" name="invalidphone" time="6.541"/>
  <system-out/>
</testsuite> <!-- SF.test.login -->
