<?xml version="1.0" encoding="UTF-8"?>
<!-- Generated by org.testng.reporters.JUnitReportReporter -->
<testsuite hostname="Sagar-Tandu" failures="0" tests="2" name="SF.test.Invalidemail" time="3.651" errors="0" timestamp="2022-07-01T16:13:33 IST" skipped="0">
  <testcase classname="SF.test.Invalidemail" name="login" time="3.385"/>
  <system-out/>
  <testcase classname="SF.test.Invalidemail" name="text" time="0.266"/>
  <system-out/>
</testsuite> <!-- SF.test.Invalidemail -->
