<?xml version="1.0" encoding="UTF-8"?>
<!-- Generated by org.testng.reporters.JUnitReportReporter -->
<testsuite hostname="Sagar-Tandu" failures="0" tests="2" name="SF.test.Validemail" time="4.758" errors="0" timestamp="2022-07-01T17:02:32 IST" skipped="0">
  <testcase classname="SF.test.Validemail" name="login" time="3.355"/>
  <system-out/>
  <testcase classname="SF.test.Validemail" name="welcome" time="1.403"/>
  <system-out/>
</testsuite> <!-- SF.test.Validemail -->
