<?xml version="1.0" encoding="UTF-8"?>
<!-- Generated by org.testng.reporters.JUnitReportReporter -->
<testsuite hostname="Sagar-Tandu" failures="0" tests="3" name="SF.test.login" time="2.853" errors="0" timestamp="2022-07-04T17:20:19 IST" skipped="0">
  <testcase classname="SF.test.login" name="blank" time="0.436"/>
  <system-out/>
  <testcase classname="SF.test.login" name="invalidemail" time="1.251"/>
  <system-out/>
  <testcase classname="SF.test.login" name="invalidphone" time="1.166"/>
  <system-out/>
</testsuite> <!-- SF.test.login -->
