<?xml version="1.0" encoding="UTF-8"?>
<!-- Generated by org.testng.reporters.JUnitReportReporter -->
<testsuite hostname="Sagar-Tandu" failures="0" tests="2" name="SF.test.Compose" time="14.363" errors="0" timestamp="2022-07-27T16:50:10 IST" skipped="0">
  <testcase classname="SF.test.Compose" name="printText" time="0.002"/>
  <system-out/>
  <testcase classname="SF.test.Compose" name="composeemail" time="14.361"/>
  <system-out/>
</testsuite> <!-- SF.test.Compose -->
