<?xml version="1.0" encoding="UTF-8"?>
<!-- Generated by org.testng.reporters.JUnitReportReporter -->
<testsuite hostname="Sagar-Tandu" failures="0" tests="2" name="SF.test.Invalidemail" time="3.952" errors="0" timestamp="2022-07-01T18:35:44 IST" skipped="0">
  <testcase classname="SF.test.Invalidemail" name="text" time="0.339"/>
  <system-out/>
  <testcase classname="SF.test.Invalidemail" name="login" time="3.613"/>
  <system-out/>
</testsuite> <!-- SF.test.Invalidemail -->
