<?xml version="1.0" encoding="UTF-8"?>
<!-- Generated by org.testng.reporters.JUnitReportReporter -->
<testsuite hostname="Sagar-Tandu" failures="0" tests="3" name="SF.test.Compose" time="16.718" errors="0" timestamp="2022-07-08T10:32:02 IST" skipped="0">
  <testcase classname="SF.test.Compose" name="composeemail" time="12.051"/>
  <system-out/>
  <testcase classname="SF.test.Compose" name="browser" time="4.666"/>
  <system-out/>
  <testcase classname="SF.test.Compose" name="printText" time="0.001"/>
  <system-out/>
</testsuite> <!-- SF.test.Compose -->
