<?xml version="1.0" encoding="UTF-8"?>
<!-- Generated by org.testng.reporters.JUnitReportReporter -->
<testsuite hostname="Sagar-Tandu" failures="0" tests="2" name="SF.test.Blankcred" time="3.795" errors="0" timestamp="2022-07-01T18:35:44 IST" skipped="0">
  <testcase classname="SF.test.Blankcred" name="login" time="3.678"/>
  <system-out/>
  <testcase classname="SF.test.Blankcred" name="text" time="0.117"/>
  <system-out/>
</testsuite> <!-- SF.test.Blankcred -->
