<?xml version="1.0" encoding="UTF-8"?>
<!-- Generated by org.testng.reporters.JUnitReportReporter -->
<testsuite hostname="Sagar-Tandu" failures="0" tests="2" name="SF.test.Invalidphone" time="3.718" errors="0" timestamp="2022-07-01T16:13:33 IST" skipped="0">
  <testcase classname="SF.test.Invalidphone" name="text" time="0.239"/>
  <system-out/>
  <testcase classname="SF.test.Invalidphone" name="login" time="3.479"/>
  <system-out/>
</testsuite> <!-- SF.test.Invalidphone -->
