<?xml version="1.0" encoding="UTF-8"?>
<!-- Generated by org.testng.reporters.JUnitReportReporter -->
<testsuite hostname="Sagar-Tandu" failures="0" tests="3" name="SF.test.login" time="15.814" errors="0" timestamp="2022-07-04T21:25:53 IST" skipped="0">
  <testcase classname="SF.test.login" name="blank" time="4.926"/>
  <system-out/>
  <testcase classname="SF.test.login" name="invalidemail" time="5.445"/>
  <system-out/>
  <testcase classname="SF.test.login" name="invalidphone" time="5.443"/>
  <system-out/>
</testsuite> <!-- SF.test.login -->
