<?xml version="1.0" encoding="UTF-8"?>
<!-- Generated by org.testng.reporters.JUnitReportReporter -->
<testsuite hostname="Sagar-Tandu" failures="0" tests="2" name="SF.test.Blankcred" time="6.752" errors="0" timestamp="2022-07-01T17:02:32 IST" skipped="0">
  <testcase classname="SF.test.Blankcred" name="text" time="0.411"/>
  <system-out/>
  <testcase classname="SF.test.Blankcred" name="login" time="6.341"/>
  <system-out/>
</testsuite> <!-- SF.test.Blankcred -->
