<?xml version="1.0" encoding="UTF-8"?>
<!-- Generated by org.testng.reporters.JUnitReportReporter -->
<testsuite hostname="Sagar-Tandu" failures="0" tests="3" name="SF.test.Compose" time="18.966" errors="0" timestamp="2022-07-08T11:16:05 IST" skipped="0">
  <testcase classname="SF.test.Compose" name="printText" time="0.002"/>
  <system-out/>
  <testcase classname="SF.test.Compose" name="composeemail" time="13.241"/>
  <system-out/>
  <testcase classname="SF.test.Compose" name="browser" time="5.723"/>
  <system-out/>
</testsuite> <!-- SF.test.Compose -->
