<?xml version="1.0" encoding="UTF-8"?>
<!-- Generated by org.testng.reporters.JUnitReportReporter -->
<testsuite hostname="Sagar-Tandu" failures="0" tests="3" name="SF.test.login" time="2.405" errors="0" timestamp="2022-07-06T12:13:37 IST" skipped="0">
  <testcase classname="SF.test.login" name="blank" time="0.468"/>
  <system-out/>
  <testcase classname="SF.test.login" name="invalidemail" time="0.965"/>
  <system-out/>
  <testcase classname="SF.test.login" name="invalidphone" time="0.972"/>
  <system-out/>
</testsuite> <!-- SF.test.login -->
