<?xml version="1.0" encoding="UTF-8"?>
<!-- Generated by org.testng.reporters.JUnitReportReporter -->
<testsuite skipped="0" hostname="Sagar-Tandu" name="SF.test.Invalidemail" tests="2" failures="0" timestamp="2022-07-01T14:05:07 IST" time="3.484" errors="0">
  <testcase name="login" time="3.313" classname="SF.test.Invalidemail"/>
  <system-out/>
  <testcase name="text" time="0.171" classname="SF.test.Invalidemail"/>
  <system-out/>
</testsuite> <!-- SF.test.Invalidemail -->
