<?xml version="1.0" encoding="UTF-8"?>
<!-- Generated by org.testng.reporters.JUnitReportReporter -->
<testsuite hostname="Sagar-Tandu" failures="0" tests="1" name="SF.test.Compose" time="13.482" errors="0" timestamp="2022-07-04T16:49:53 IST" skipped="0">
  <testcase classname="SF.test.Compose" name="composeemail" time="13.482"/>
  <system-out/>
</testsuite> <!-- SF.test.Compose -->
