<?xml version="1.0" encoding="UTF-8"?>
<!-- Generated by org.testng.reporters.JUnitReportReporter -->
<testsuite hostname="Sagar-Tandu" failures="0" tests="3" name="SF.test.login" time="3.757" errors="0" timestamp="2022-07-05T09:24:16 IST" skipped="0">
  <testcase classname="SF.test.login" name="blank" time="0.659"/>
  <system-out/>
  <testcase classname="SF.test.login" name="invalidemail" time="1.653"/>
  <system-out/>
  <testcase classname="SF.test.login" name="invalidphone" time="1.445"/>
  <system-out/>
</testsuite> <!-- SF.test.login -->
