<?xml version="1.0" encoding="UTF-8"?>
<!-- Generated by org.testng.reporters.JUnitReportReporter -->
<testsuite skipped="0" hostname="Sagar-Tandu" name="SF.test.Blankcred" tests="2" failures="0" timestamp="2022-07-01T14:25:29 IST" time="4.357" errors="0">
  <testcase name="login" time="4.149" classname="SF.test.Blankcred"/>
  <system-out/>
  <testcase name="text" time="0.208" classname="SF.test.Blankcred"/>
  <system-out/>
</testsuite> <!-- SF.test.Blankcred -->
