<?xml version="1.0" encoding="UTF-8"?>
<!-- Generated by org.testng.reporters.JUnitReportReporter -->
<testsuite skipped="0" hostname="Sagar-Tandu" name="SF.test.Invalidemail" tests="2" failures="0" timestamp="2022-07-01T13:30:54 IST" time="4.351" errors="0">
  <testcase name="text" time="0.170" classname="SF.test.Invalidemail"/>
  <system-out/>
  <testcase name="login" time="4.181" classname="SF.test.Invalidemail"/>
  <system-out/>
</testsuite> <!-- SF.test.Invalidemail -->
