<?xml version="1.0" encoding="UTF-8"?>
<!-- Generated by org.testng.reporters.JUnitReportReporter -->
<testsuite skipped="0" hostname="Sagar-Tandu" name="SF.test.Validemail" tests="2" failures="0" timestamp="2022-07-01T14:25:29 IST" time="4.581" errors="0">
  <testcase name="login" time="3.298" classname="SF.test.Validemail"/>
  <system-out/>
  <testcase name="welcome" time="1.283" classname="SF.test.Validemail"/>
  <system-out/>
</testsuite> <!-- SF.test.Validemail -->
