<?xml version="1.0" encoding="UTF-8"?>
<!-- Generated by org.testng.reporters.JUnitReportReporter -->
<testsuite hostname="Sagar-Tandu" failures="0" tests="2" name="SF.test.Validemail" time="5.504" errors="0" timestamp="2022-07-01T17:08:20 IST" skipped="0">
  <testcase classname="SF.test.Validemail" name="login" time="4.242"/>
  <system-out/>
  <testcase classname="SF.test.Validemail" name="welcome" time="1.262"/>
  <system-out/>
</testsuite> <!-- SF.test.Validemail -->
