<?xml version="1.0" encoding="UTF-8"?>
<!-- Generated by org.testng.reporters.JUnitReportReporter -->
<testsuite hostname="Sagar-Tandu" failures="0" tests="2" name="SF.test.Invalidemail" time="3.356" errors="0" timestamp="2022-07-01T18:52:25 IST" skipped="0">
  <testcase classname="SF.test.Invalidemail" name="login" time="3.147"/>
  <system-out/>
  <testcase classname="SF.test.Invalidemail" name="text" time="0.209"/>
  <system-out/>
</testsuite> <!-- SF.test.Invalidemail -->
