<?xml version="1.0" encoding="UTF-8"?>
<!-- Generated by org.testng.reporters.JUnitReportReporter -->
<testsuite skipped="0" hostname="Sagar-Tandu" name="SF.test.Validemail" tests="2" failures="0" timestamp="2022-07-01T13:30:54 IST" time="6.286" errors="0">
  <testcase name="login" time="4.938" classname="SF.test.Validemail"/>
  <system-out/>
  <testcase name="welcome" time="1.348" classname="SF.test.Validemail"/>
  <system-out/>
</testsuite> <!-- SF.test.Validemail -->
