<?xml version="1.0" encoding="UTF-8"?>
<!-- Generated by org.testng.reporters.JUnitReportReporter -->
<testsuite skipped="0" hostname="Sagar-Tandu" name="SF.test.Invalidphone" tests="2" failures="0" timestamp="2022-07-01T14:25:29 IST" time="2.763" errors="0">
  <testcase name="login" time="2.604" classname="SF.test.Invalidphone"/>
  <system-out/>
  <testcase name="text" time="0.159" classname="SF.test.Invalidphone"/>
  <system-out/>
</testsuite> <!-- SF.test.Invalidphone -->
