<?xml version="1.0" encoding="UTF-8"?>
<!-- Generated by org.testng.reporters.JUnitReportReporter -->
<testsuite skipped="0" hostname="Sagar-Tandu" name="SF.test.Blankcred" tests="2" failures="0" timestamp="2022-07-01T13:30:54 IST" time="3.487" errors="0">
  <testcase name="login" time="3.432" classname="SF.test.Blankcred"/>
  <system-out/>
  <testcase name="text" time="0.055" classname="SF.test.Blankcred"/>
  <system-out/>
</testsuite> <!-- SF.test.Blankcred -->
