<?xml version="1.0" encoding="UTF-8"?>
<!-- Generated by org.testng.reporters.JUnitReportReporter -->
<testsuite hostname="Sagar-Tandu" failures="0" tests="2" name="SF.test.Blankcred" time="2.963" errors="0" timestamp="2022-07-01T19:09:41 IST" skipped="0">
  <testcase classname="SF.test.Blankcred" name="text" time="0.033"/>
  <system-out/>
  <testcase classname="SF.test.Blankcred" name="login" time="2.930"/>
  <system-out/>
</testsuite> <!-- SF.test.Blankcred -->
