<?xml version="1.0" encoding="UTF-8"?>
<!-- Generated by org.testng.reporters.JUnitReportReporter -->
<testsuite hostname="Sagar-Tandu" failures="0" tests="2" name="SF.test.Blankcred" time="2.718" errors="0" timestamp="2022-07-01T18:45:58 IST" skipped="0">
  <testcase classname="SF.test.Blankcred" name="login" time="2.684"/>
  <system-out/>
  <testcase classname="SF.test.Blankcred" name="text" time="0.034"/>
  <system-out/>
</testsuite> <!-- SF.test.Blankcred -->
