<?xml version="1.0" encoding="UTF-8"?>
<!-- Generated by org.testng.reporters.JUnitReportReporter -->
<testsuite hostname="Sagar-Tandu" failures="0" tests="2" name="SF.test.Invalidphone" time="4.487" errors="0" timestamp="2022-07-01T17:08:20 IST" skipped="0">
  <testcase classname="SF.test.Invalidphone" name="text" time="0.399"/>
  <system-out/>
  <testcase classname="SF.test.Invalidphone" name="login" time="4.088"/>
  <system-out/>
</testsuite> <!-- SF.test.Invalidphone -->
